<?xml version="1.0" encoding="UTF-8"?>
<robot generator="Robot 5.0.1 (Python 3.10.0 on win32)" generated="20221007 21:48:18.150" rpa="false" schemaversion="3">
<suite id="s1" name="Amazon testes" source="C:\CursoUdemy\AprendendoRobotFramework\TestWeb\Amazon_testes.robot">
<test id="s1-t1" name="Caso de Teste 02 - Pesquisa de produto" line="18">
<kw name="Abrir o navegador" library="amazon_resources" type="SETUP">
<kw name="Open Browser" library="SeleniumLibrary">
<arg>browser=chrome</arg>
<doc>Opens a new browser instance to the optional ``url``.</doc>
<msg timestamp="20221007 21:48:18.316" level="INFO">Opening browser 'chrome' to base url 'None'.</msg>
<status status="PASS" starttime="20221007 21:48:18.316" endtime="20221007 21:48:19.652"/>
</kw>
<kw name="Maximize Browser Window" library="SeleniumLibrary">
<doc>Maximizes current browser window.</doc>
<status status="PASS" starttime="20221007 21:48:19.652" endtime="20221007 21:48:24.639"/>
</kw>
<status status="PASS" starttime="20221007 21:48:18.316" endtime="20221007 21:48:24.640"/>
</kw>
<kw name="Acessar a home page do site Amazon.com.br" library="amazon_resources">
<kw name="Go To" library="SeleniumLibrary">
<arg>url=${URL}</arg>
<doc>Navigates the current browser window to the provided ``url``.</doc>
<msg timestamp="20221007 21:48:24.640" level="INFO">Opening url 'https://www.amazon.com.br/'</msg>
<status status="PASS" starttime="20221007 21:48:24.640" endtime="20221007 21:48:26.699"/>
</kw>
<kw name="Wait Until Element Is Visible" library="SeleniumLibrary">
<arg>locator=${MENU_LIVROS}</arg>
<doc>Waits until the element ``locator`` is visible.</doc>
<status status="PASS" starttime="20221007 21:48:26.700" endtime="20221007 21:48:26.747"/>
</kw>
<status status="PASS" starttime="20221007 21:48:24.640" endtime="20221007 21:48:26.747"/>
</kw>
<kw name="Digitar o nome do produto &quot;Console PlayStation 5&quot; no campo de pesquisa" library="amazon_resources" sourcename="Digitar o nome do produto &quot;${PRODUTO}&quot; no campo de pesquisa">
<kw name="Input Text" library="SeleniumLibrary">
<arg>locator=twotabsearchtextbox</arg>
<arg>text=${PRODUTO}</arg>
<doc>Types the given ``text`` into the text field identified by ``locator``.</doc>
<msg timestamp="20221007 21:48:26.749" level="INFO">Typing text 'Console PlayStation 5' into text field 'twotabsearchtextbox'.</msg>
<status status="PASS" starttime="20221007 21:48:26.749" endtime="20221007 21:48:26.952"/>
</kw>
<status status="PASS" starttime="20221007 21:48:26.749" endtime="20221007 21:48:26.952"/>
</kw>
<kw name="Clicar no botão de pesquisa" library="amazon_resources">
<kw name="Click Element" library="SeleniumLibrary">
<arg>locator=nav-search-submit-button</arg>
<doc>Click the element identified by ``locator``.</doc>
<msg timestamp="20221007 21:48:26.957" level="INFO">Clicking element 'nav-search-submit-button'.</msg>
<status status="PASS" starttime="20221007 21:48:26.956" endtime="20221007 21:48:28.407"/>
</kw>
<status status="PASS" starttime="20221007 21:48:26.956" endtime="20221007 21:48:28.407"/>
</kw>
<kw name="O sistema o resultado da pesquisa se está listando o produto &quot;Console PlayStation 5&quot;" library="amazon_resources" sourcename="O sistema o resultado da pesquisa se está listando o produto &quot;${PRODUTO}&quot;">
<kw name="Wait Until Element Is Visible" library="SeleniumLibrary">
<arg>locator=(//span[@class='a-size-base a-color-base a-text-normal'][contains(.,'${PRODUTO}')])[1]</arg>
<doc>Waits until the element ``locator`` is visible.</doc>
<status status="PASS" starttime="20221007 21:48:28.408" endtime="20221007 21:48:28.471"/>
</kw>
<status status="PASS" starttime="20221007 21:48:28.408" endtime="20221007 21:48:28.471"/>
</kw>
<kw name="Fechar o navegador" library="amazon_resources" type="TEARDOWN">
<kw name="Capture Page Screenshot" library="SeleniumLibrary">
<arg>locator</arg>
<doc>Takes a screenshot of the current page and embeds it into a log file.</doc>
<msg timestamp="20221007 21:48:28.629" level="INFO" html="true">&lt;/td&gt;&lt;/tr&gt;&lt;tr&gt;&lt;td colspan="3"&gt;&lt;a href="locator"&gt;&lt;img src="locator" width="800px"&gt;&lt;/a&gt;</msg>
<msg timestamp="20221007 21:48:28.629" level="INFO">C:\Users\vande\AppData\Local\Programs\Python\Python310\lib\site-packages\selenium\webdriver\remote\webdriver.py:924: UserWarning: name used for saved screenshot does not match file type. It should end with a `.png` extension
  warnings.warn("name used for saved screenshot does not match file "</msg>
<status status="PASS" starttime="20221007 21:48:28.472" endtime="20221007 21:48:28.630"/>
</kw>
<kw name="Close Browser" library="SeleniumLibrary">
<doc>Closes the current browser.</doc>
<status status="PASS" starttime="20221007 21:48:28.630" endtime="20221007 21:48:30.820"/>
</kw>
<status status="PASS" starttime="20221007 21:48:28.472" endtime="20221007 21:48:30.820"/>
</kw>
<doc>Esse teste verificar a busca de um produto</doc>
<tag>busca_produtos</tag>
<tag>lista_busca</tag>
<status status="PASS" starttime="20221007 21:48:18.315" endtime="20221007 21:48:30.821"/>
</test>
<doc>Essa suíte testa o site da Amazon.com.br</doc>
<status status="PASS" starttime="20221007 21:48:18.152" endtime="20221007 21:48:30.823"/>
</suite>
<statistics>
<total>
<stat pass="1" fail="0" skip="0">All Tests</stat>
</total>
<tag>
<stat pass="1" fail="0" skip="0">busca_produtos</stat>
<stat pass="1" fail="0" skip="0">lista_busca</stat>
</tag>
<suite>
<stat pass="1" fail="0" skip="0" id="s1" name="Amazon testes">Amazon testes</stat>
</suite>
</statistics>
<errors>
</errors>
</robot>
