<?xml version="1.0" encoding="UTF-8"?>
<robot generator="Robot 5.0.1 (Python 3.10.0 on win32)" generated="20221008 17:51:13.504" rpa="false" schemaversion="3">
<suite id="s1" name="Amazon Testes Gherkin Bdd" source="C:\CursoUdemy\AprendendoRobotFramework\TestWeb\amazon_testes_gherkin_bdd.robot">
<test id="s1-t1" name="Caso de Teste 02 - Pesquisa de um Produto" line="20">
<kw name="Abrir o navegador" library="amazon_resources" type="SETUP">
<kw name="Open Browser" library="SeleniumLibrary">
<arg>browser=${BROWSER}</arg>
<doc>Opens a new browser instance to the optional ``url``.</doc>
<msg timestamp="20221008 17:51:13.653" level="INFO">Opening browser 'chrome' to base url 'None'.</msg>
<status status="PASS" starttime="20221008 17:51:13.653" endtime="20221008 17:51:15.184"/>
</kw>
<kw name="Maximize Browser Window" library="SeleniumLibrary">
<doc>Maximizes current browser window.</doc>
<status status="PASS" starttime="20221008 17:51:15.185" endtime="20221008 17:51:15.332"/>
</kw>
<status status="PASS" starttime="20221008 17:51:13.652" endtime="20221008 17:51:15.332"/>
</kw>
<kw name="Dado que estou na home page do site Amazon.com.br" library="amazon_resources">
<kw name="Acessar a home page do site Amazon.com.br" library="amazon_resources">
<kw name="Go To" library="SeleniumLibrary">
<arg>url=${URL}</arg>
<doc>Navigates the current browser window to the provided ``url``.</doc>
<msg timestamp="20221008 17:51:15.335" level="INFO">Opening url 'https://www.amazon.com.br/'</msg>
<status status="PASS" starttime="20221008 17:51:15.334" endtime="20221008 17:51:17.084"/>
</kw>
<kw name="Wait Until Element Is Visible" library="SeleniumLibrary">
<arg>locator=${MENU_LIVROS}</arg>
<doc>Waits until the element ``locator`` is visible.</doc>
<status status="PASS" starttime="20221008 17:51:17.084" endtime="20221008 17:51:17.168"/>
</kw>
<status status="PASS" starttime="20221008 17:51:15.333" endtime="20221008 17:51:17.168"/>
</kw>
<kw name="Verificar se o titulo da pagina fica &quot;Amazon.com.br | Tudo pra você, de A a Z.&quot;" library="amazon_resources" sourcename="Verificar se o titulo da pagina fica &quot;${TITULO}&quot;">
<kw name="Title Should Be" library="SeleniumLibrary">
<arg>title=${TITULO}</arg>
<doc>Verifies that the current page title equals ``title``.</doc>
<msg timestamp="20221008 17:51:17.180" level="INFO">Page title is 'Amazon.com.br | Tudo pra você, de A a Z.'.</msg>
<status status="PASS" starttime="20221008 17:51:17.171" endtime="20221008 17:51:17.181"/>
</kw>
<status status="PASS" starttime="20221008 17:51:17.169" endtime="20221008 17:51:17.181"/>
</kw>
<status status="PASS" starttime="20221008 17:51:15.333" endtime="20221008 17:51:17.181"/>
</kw>
<kw name="Quando pesquisar pelo produto &quot;Console Playstation 5&quot;" library="amazon_resources">
<kw name="Digitar o nome do produto &quot;Console Playstation 5&quot; no campo de pesquisa" library="amazon_resources" sourcename="Digitar o nome do produto &quot;${PRODUTO}&quot; no campo de pesquisa">
<kw name="Input Text" library="SeleniumLibrary">
<arg>locator=twotabsearchtextbox</arg>
<arg>text=${PRODUTO}</arg>
<doc>Types the given ``text`` into the text field identified by ``locator``.</doc>
<msg timestamp="20221008 17:51:17.184" level="INFO">Typing text 'Console Playstation 5' into text field 'twotabsearchtextbox'.</msg>
<status status="PASS" starttime="20221008 17:51:17.184" endtime="20221008 17:51:17.383"/>
</kw>
<status status="PASS" starttime="20221008 17:51:17.184" endtime="20221008 17:51:17.384"/>
</kw>
<kw name="Clicar no botão de pesquisa" library="amazon_resources">
<kw name="Click Element" library="SeleniumLibrary">
<arg>locator=nav-search-submit-button</arg>
<doc>Click the element identified by ``locator``.</doc>
<msg timestamp="20221008 17:51:17.384" level="INFO">Clicking element 'nav-search-submit-button'.</msg>
<status status="PASS" starttime="20221008 17:51:17.384" endtime="20221008 17:51:18.885"/>
</kw>
<status status="PASS" starttime="20221008 17:51:17.384" endtime="20221008 17:51:18.885"/>
</kw>
<status status="PASS" starttime="20221008 17:51:17.183" endtime="20221008 17:51:18.885"/>
</kw>
<kw name="Então o titulo da pagina deve ficar &quot;Amazon.com.br : Console Playstation 5&quot;" library="amazon_resources">
<kw name="Verificar se o titulo da pagina fica &quot;Amazon.com.br : Console Playstation 5&quot;" library="amazon_resources" sourcename="Verificar se o titulo da pagina fica &quot;${TITULO}&quot;">
<kw name="Title Should Be" library="SeleniumLibrary">
<arg>title=${TITULO}</arg>
<doc>Verifies that the current page title equals ``title``.</doc>
<msg timestamp="20221008 17:51:18.911" level="INFO">Page title is 'Amazon.com.br : Console Playstation 5'.</msg>
<status status="PASS" starttime="20221008 17:51:18.886" endtime="20221008 17:51:18.911"/>
</kw>
<status status="PASS" starttime="20221008 17:51:18.886" endtime="20221008 17:51:18.911"/>
</kw>
<status status="PASS" starttime="20221008 17:51:18.886" endtime="20221008 17:51:18.911"/>
</kw>
<kw name="Fechar o navegador" library="amazon_resources" type="TEARDOWN">
<kw name="Capture Page Screenshot" library="SeleniumLibrary">
<arg>locator</arg>
<doc>Takes a screenshot of the current page and embeds it into a log file.</doc>
<msg timestamp="20221008 17:51:19.082" level="INFO" html="true">&lt;/td&gt;&lt;/tr&gt;&lt;tr&gt;&lt;td colspan="3"&gt;&lt;a href="locator"&gt;&lt;img src="locator" width="800px"&gt;&lt;/a&gt;</msg>
<msg timestamp="20221008 17:51:19.082" level="INFO">C:\Users\vande\AppData\Local\Programs\Python\Python310\lib\site-packages\selenium\webdriver\remote\webdriver.py:924: UserWarning: name used for saved screenshot does not match file type. It should end with a `.png` extension
  warnings.warn("name used for saved screenshot does not match file "</msg>
<status status="PASS" starttime="20221008 17:51:18.913" endtime="20221008 17:51:19.084"/>
</kw>
<kw name="Close Browser" library="SeleniumLibrary">
<doc>Closes the current browser.</doc>
<status status="PASS" starttime="20221008 17:51:19.084" endtime="20221008 17:51:21.242"/>
</kw>
<status status="PASS" starttime="20221008 17:51:18.912" endtime="20221008 17:51:21.242"/>
</kw>
<doc>Esse teste verificar a busca de um produto</doc>
<tag>busca_produtos</tag>
<tag>lista_busca</tag>
<status status="PASS" starttime="20221008 17:51:13.651" endtime="20221008 17:51:21.243"/>
</test>
<doc>Essa suíte testa o site da Amazon.com.br</doc>
<status status="PASS" starttime="20221008 17:51:13.506" endtime="20221008 17:51:21.245"/>
</suite>
<statistics>
<total>
<stat pass="1" fail="0" skip="0">All Tests</stat>
</total>
<tag>
<stat pass="1" fail="0" skip="0">busca_produtos</stat>
<stat pass="1" fail="0" skip="0">lista_busca</stat>
</tag>
<suite>
<stat pass="1" fail="0" skip="0" id="s1" name="Amazon Testes Gherkin Bdd">Amazon Testes Gherkin Bdd</stat>
</suite>
</statistics>
<errors>
</errors>
</robot>
